<?xml version="1.0" encoding="UTF-8" ?>
<testsuite tests="20" failures="0" name="com.bandtec.projeto.lista.desafio.ListaUtilTest" time="0.004" errors="0" skipped="0">
  <properties>
    <property name="java.runtime.name" value="OpenJDK Runtime Environment"/>
    <property name="java.vm.version" value="11.0.15+10-Ubuntu-0ubuntu0.20.04.1"/>
    <property name="sun.boot.library.path" value="/usr/lib/jvm/java-11-openjdk-amd64/lib"/>
    <property name="user.country.format" value="BR"/>
    <property name="maven.multiModuleProjectDirectory" value="/home/carlos.dominciano@VALEMOBI.CORP/NetBeansProjects/projeto-lista-desafio-incompleto"/>
    <property name="java.vm.vendor" value="Private Build"/>
    <property name="java.vendor.url" value="Unknown"/>
    <property name="guice.disable.misplaced.annotation.check" value="true"/>
    <property name="path.separator" value=":"/>
    <property name="java.vm.name" value="OpenJDK 64-Bit Server VM"/>
    <property name="sun.os.patch.level" value="unknown"/>
    <property name="user.country" value="US"/>
    <property name="sun.java.launcher" value="SUN_STANDARD"/>
    <property name="java.vm.specification.name" value="Java Virtual Machine Specification"/>
    <property name="user.dir" value="/home/carlos.dominciano@VALEMOBI.CORP/NetBeansProjects/projeto-lista-desafio-incompleto"/>
    <property name="java.vm.compressedOopsMode" value="Zero based"/>
    <property name="java.runtime.version" value="11.0.15+10-Ubuntu-0ubuntu0.20.04.1"/>
    <property name="java.awt.graphicsenv" value="sun.awt.X11GraphicsEnvironment"/>
    <property name="os.arch" value="amd64"/>
    <property name="java.io.tmpdir" value="/tmp"/>
    <property name="line.separator" value="
"/>
    <property name="java.vm.specification.vendor" value="Oracle Corporation"/>
    <property name="os.name" value="Linux"/>
    <property name="maven.ext.class.path" value="/snap/netbeans/58/netbeans/java/maven-nblib/netbeans-eventspy.jar"/>
    <property name="classworlds.conf" value="/snap/netbeans/58/netbeans/java/maven/bin/m2.conf"/>
    <property name="sun.jnu.encoding" value="UTF-8"/>
    <property name="java.library.path" value="/usr/java/packages/lib:/usr/lib/x86_64-linux-gnu/jni:/lib/x86_64-linux-gnu:/usr/lib/x86_64-linux-gnu:/usr/lib/jni:/lib:/usr/lib"/>
    <property name="maven.conf" value="/snap/netbeans/58/netbeans/java/maven/conf"/>
    <property name="jdk.debug" value="release"/>
    <property name="java.class.version" value="55.0"/>
    <property name="java.specification.name" value="Java Platform API Specification"/>
    <property name="sun.management.compiler" value="HotSpot 64-Bit Tiered Compilers"/>
    <property name="os.version" value="5.14.0-1033-oem"/>
    <property name="library.jansi.path" value="/snap/netbeans/58/netbeans/java/maven/lib/jansi-native"/>
    <property name="user.home" value="/home/carlos.dominciano@VALEMOBI.CORP"/>
    <property name="user.timezone" value="America/Sao_Paulo"/>
    <property name="java.awt.printerjob" value="sun.print.PSPrinterJob"/>
    <property name="file.encoding" value="UTF-8"/>
    <property name="java.specification.version" value="11"/>
    <property name="user.name" value="carlos.dominciano@VALEMOBI.CORP"/>
    <property name="java.class.path" value="/snap/netbeans/58/netbeans/java/maven/boot/plexus-classworlds-2.6.0.jar"/>
    <property name="java.vm.specification.version" value="11"/>
    <property name="sun.arch.data.model" value="64"/>
    <property name="sun.java.command" value="org.codehaus.plexus.classworlds.launcher.Launcher -Dmaven.ext.class.path=/snap/netbeans/58/netbeans/java/maven-nblib/netbeans-eventspy.jar test"/>
    <property name="java.home" value="/usr/lib/jvm/java-11-openjdk-amd64"/>
    <property name="user.language" value="en"/>
    <property name="java.specification.vendor" value="Oracle Corporation"/>
    <property name="user.language.format" value="pt"/>
    <property name="awt.toolkit" value="sun.awt.X11.XToolkit"/>
    <property name="java.vm.info" value="mixed mode, sharing"/>
    <property name="java.version" value="11.0.15"/>
    <property name="java.vendor" value="Private Build"/>
    <property name="maven.home" value="/snap/netbeans/58/netbeans/java/maven"/>
    <property name="file.separator" value="/"/>
    <property name="java.version.date" value="2022-04-19"/>
    <property name="java.vendor.url.bug" value="Unknown"/>
    <property name="sun.io.unicode.encoding" value="UnicodeLittle"/>
    <property name="sun.cpu.endian" value="little"/>
    <property name="sun.desktop" value="gnome"/>
    <property name="sun.cpu.isalist" value=""/>
  </properties>
  <testcase classname="com.bandtec.projeto.lista.desafio.ListaUtilTest" name="com.bandtec.projeto.lista.desafio.ListaUtilTest.testRemoveQuandoAcionadoComArgumentoNuloNaoAlteraTamanhoDaLista" time="0.002"/>
  <testcase classname="com.bandtec.projeto.lista.desafio.ListaUtilTest" name="com.bandtec.projeto.lista.desafio.ListaUtilTest.testRemoveQuandoAcionadoComArgumento10DiminuiTamanhoDaLista" time="0"/>
  <testcase classname="com.bandtec.projeto.lista.desafio.ListaUtilTest" name="com.bandtec.projeto.lista.desafio.ListaUtilTest.testGetMaiorQuandoAcionadoDeveRetornar42" time="0"/>
  <testcase classname="com.bandtec.projeto.lista.desafio.ListaUtilTest" name="com.bandtec.projeto.lista.desafio.ListaUtilTest.testGetMenorQuandoAcionadoDeveRetornar10Negativo" time="0"/>
  <testcase classname="com.bandtec.projeto.lista.desafio.ListaUtilTest" name="com.bandtec.projeto.lista.desafio.ListaUtilTest.testCountQuandoAcionadoEListaEstaVaziaRetorna0" time="0"/>
  <testcase classname="com.bandtec.projeto.lista.desafio.ListaUtilTest" name="com.bandtec.projeto.lista.desafio.ListaUtilTest.testGetMaiorQuandoAcionadoEListaEstaVaziaDeveRetornar0" time="0"/>
  <testcase classname="com.bandtec.projeto.lista.desafio.ListaUtilTest" name="com.bandtec.projeto.lista.desafio.ListaUtilTest.testGetMenorQuandoAcionadoEListaEstaVaziaDeveRetornar0" time="0"/>
  <testcase classname="com.bandtec.projeto.lista.desafio.ListaUtilTest" name="com.bandtec.projeto.lista.desafio.ListaUtilTest.testHasDuplicidadeQuandoAcionadoEListaPossuiDuplicidadeDeveRetornarTrue" time="0"/>
  <testcase classname="com.bandtec.projeto.lista.desafio.ListaUtilTest" name="com.bandtec.projeto.lista.desafio.ListaUtilTest.testHasDuplicidadeQuandoAcionadoEListaNaoPossuiDuplicidadeDeveRetornarFalse" time="0"/>
  <testcase classname="com.bandtec.projeto.lista.desafio.ListaUtilTest" name="com.bandtec.projeto.lista.desafio.ListaUtilTest.testHasDuplicidadeQuandoAcionadoEListaEstaVaziaDeveRetornarFalse" time="0"/>
  <testcase classname="com.bandtec.projeto.lista.desafio.ListaUtilTest" name="com.bandtec.projeto.lista.desafio.ListaUtilTest.testSomarQuandoAcionadoDeveRetornar42" time="0"/>
  <testcase classname="com.bandtec.projeto.lista.desafio.ListaUtilTest" name="com.bandtec.projeto.lista.desafio.ListaUtilTest.testAddQuandoAcionadoComValorPositivosENegativosAumentaTamanhoDaLista" time="0"/>
  <testcase classname="com.bandtec.projeto.lista.desafio.ListaUtilTest" name="com.bandtec.projeto.lista.desafio.ListaUtilTest.testAddQuandoAcionadoComArgumentoNuloNaoAlteraTamanhoDaLista" time="0"/>
  <testcase classname="com.bandtec.projeto.lista.desafio.ListaUtilTest" name="com.bandtec.projeto.lista.desafio.ListaUtilTest.testRemoveQuandoAcionadoComArgumento101NaoDiminuiTamanhoDaLista" time="0.001"/>
  <testcase classname="com.bandtec.projeto.lista.desafio.ListaUtilTest" name="com.bandtec.projeto.lista.desafio.ListaUtilTest.testCountQuandoAcionadoEListaPossui3IndicesPreenchidosRetorna3" time="0"/>
  <testcase classname="com.bandtec.projeto.lista.desafio.ListaUtilTest" name="com.bandtec.projeto.lista.desafio.ListaUtilTest.testCountParesQuandoAcionadoEListaPossui6ParesRetorna6" time="0"/>
  <testcase classname="com.bandtec.projeto.lista.desafio.ListaUtilTest" name="com.bandtec.projeto.lista.desafio.ListaUtilTest.testCountParesQuandoAcionadoEListaEstaVaziaRetorna0" time="0.001"/>
  <testcase classname="com.bandtec.projeto.lista.desafio.ListaUtilTest" name="com.bandtec.projeto.lista.desafio.ListaUtilTest.testCountImparesQuandoAcionadoEListaEstaVaziaRetorna0" time="0"/>
  <testcase classname="com.bandtec.projeto.lista.desafio.ListaUtilTest" name="com.bandtec.projeto.lista.desafio.ListaUtilTest.testCountImparesQuandoAcionadoEListaPossui3ImparesRetorna3" time="0"/>
  <testcase classname="com.bandtec.projeto.lista.desafio.ListaUtilTest" name="com.bandtec.projeto.lista.desafio.ListaUtilTest.testSomarQuandoAcionadoEListaEstavaziaDeveRetornar0" time="0"/>
</testsuite>